<?xml version="1.0" encoding="UTF-8"?>
<testng-results ignored="0" total="1" passed="1" failed="0" skipped="0">
  <reporter-output>
  </reporter-output>
  <suite started-at="2022-09-20T16:28:20 BDT" name="Default suite" finished-at="2022-09-20T16:29:26 BDT" duration-ms="65385">
    <groups>
    </groups>
    <test started-at="2022-09-20T16:28:20 BDT" name="Default test" finished-at="2022-09-20T16:29:26 BDT" duration-ms="65385">
      <class name="appiumTest.eCommerce_tc_1">
        <test-method signature="FillForm()[pri:0, instance:appiumTest.eCommerce_tc_1@28f3b248]" started-at="2022-09-20T16:28:20 BDT" name="FillForm" finished-at="2022-09-20T16:29:26 BDT" duration-ms="65348" status="PASS">
          <reporter-output>
          </reporter-output>
        </test-method> <!-- FillForm -->
      </class> <!-- appiumTest.eCommerce_tc_1 -->
    </test> <!-- Default test -->
  </suite> <!-- Default suite -->
</testng-results>
